<?xml version="1.0" encoding="UTF-8"?>
<coverage generated="1601290250989" clover="3.2.0">
  <project timestamp="1601290250989" name="All files">
    <metrics statements="22" coveredstatements="18" conditionals="16" coveredconditionals="9" methods="1" coveredmethods="1" elements="39" coveredelements="28" complexity="0" loc="22" ncloc="22" packages="1" files="1" classes="1"/>
    <file name="leetcode.ts" path="C:\Users\黎曦\Desktop\最近学习\practise\LeetCode\src\leetcode.ts">
      <metrics statements="22" coveredstatements="18" conditionals="16" coveredconditionals="9" methods="1" coveredmethods="1"/>
      <line num="6" count="1" type="stmt"/>
      <line num="7" count="2" type="stmt"/>
      <line num="8" count="2" type="stmt"/>
      <line num="9" count="2" type="stmt"/>
      <line num="10" count="2" type="stmt"/>
      <line num="12" count="2" type="cond" truecount="2" falsecount="0"/>
      <line num="14" count="1" type="stmt"/>
      <line num="15" count="1" type="cond" truecount="1" falsecount="1"/>
      <line num="16" count="1" type="stmt"/>
      <line num="17" count="1" type="stmt"/>
      <line num="19" count="1" type="cond" truecount="2" falsecount="0"/>
      <line num="20" count="2" type="stmt"/>
      <line num="21" count="2" type="cond" truecount="1" falsecount="1"/>
      <line num="22" count="0" type="stmt"/>
      <line num="23" count="0" type="stmt"/>
      <line num="25" count="2" type="cond" truecount="1" falsecount="1"/>
      <line num="28" count="1" type="cond" truecount="1" falsecount="1"/>
      <line num="29" count="0" type="cond" truecount="0" falsecount="2"/>
      <line num="30" count="0" type="stmt"/>
      <line num="32" count="1" type="stmt"/>
      <line num="36" count="1" type="cond" truecount="1" falsecount="1"/>
      <line num="40" count="1" type="stmt"/>
    </file>
  </project>
</coverage>
