{"C:\\Users\\黎曦\\Desktop\\最近学习\\practise\\LeetCode\\src\\leetcode.ts": {"path":"C:\\Users\\黎曦\\Desktop\\最近学习\\practise\\LeetCode\\src\\leetcode.ts","statementMap":{"0":{"start":{"line":6,"column":23},"end":{"line":37,"column":1}},"1":{"start":{"line":7,"column":21},"end":{"line":7,"column":44}},"2":{"start":{"line":8,"column":21},"end":{"line":8,"column":22}},"3":{"start":{"line":9,"column":21},"end":{"line":9,"column":22}},"4":{"start":{"line":10,"column":22},"end":{"line":10,"column":23}},"5":{"start":{"line":12,"column":4},"end":{"line":12,"column":28}},"6":{"start":{"line":12,"column":19},"end":{"line":12,"column":28}},"7":{"start":{"line":14,"column":4},"end":{"line":34,"column":null}},"8":{"start":{"line":15,"column":6},"end":{"line":15,"column":32}},"9":{"start":{"line":15,"column":23},"end":{"line":15,"column":32}},"10":{"start":{"line":16,"column":6},"end":{"line":16,"column":17}},"11":{"start":{"line":17,"column":6},"end":{"line":17,"column":14}},"12":{"start":{"line":19,"column":6},"end":{"line":26,"column":null}},"13":{"start":{"line":20,"column":8},"end":{"line":20,"column":23}},"14":{"start":{"line":21,"column":8},"end":{"line":24,"column":null}},"15":{"start":{"line":22,"column":10},"end":{"line":22,"column":21}},"16":{"start":{"line":23,"column":10},"end":{"line":23,"column":18}},"17":{"start":{"line":25,"column":8},"end":{"line":25,"column":27}},"18":{"start":{"line":25,"column":20},"end":{"line":25,"column":27}},"19":{"start":{"line":28,"column":6},"end":{"line":33,"column":null}},"20":{"start":{"line":29,"column":10},"end":{"line":29,"column":61}},"21":{"start":{"line":29,"column":25},"end":{"line":29,"column":61}},"22":{"start":{"line":30,"column":10},"end":{"line":30,"column":null}},"23":{"start":{"line":32,"column":10},"end":{"line":32,"column":16}},"24":{"start":{"line":36,"column":4},"end":{"line":36,"column":54}},"25":{"start":{"line":40,"column":4},"end":{"line":40,"column":20}}},"fnMap":{"0":{"name":"(anonymous_0)","decl":{"start":{"line":6,"column":23},"end":{"line":6,"column":32}},"loc":{"start":{"line":6,"column":53},"end":{"line":37,"column":1}}}},"branchMap":{"0":{"loc":{"start":{"line":12,"column":4},"end":{"line":12,"column":28}},"type":"if","locations":[{"start":{"line":12,"column":4},"end":{"line":12,"column":28}},{"start":{"line":12,"column":4},"end":{"line":12,"column":28}}]},"1":{"loc":{"start":{"line":15,"column":6},"end":{"line":15,"column":32}},"type":"if","locations":[{"start":{"line":15,"column":6},"end":{"line":15,"column":32}},{"start":{"line":15,"column":6},"end":{"line":15,"column":32}}]},"2":{"loc":{"start":{"line":19,"column":12},"end":{"line":19,"column":19}},"type":"binary-expr","locations":[{"start":{"line":19,"column":12},"end":{"line":19,"column":19}},{"start":{"line":19,"column":23},"end":{"line":19,"column":38}}]},"3":{"loc":{"start":{"line":21,"column":8},"end":{"line":24,"column":null}},"type":"if","locations":[{"start":{"line":21,"column":8},"end":{"line":24,"column":null}},{"start":{"line":21,"column":8},"end":{"line":24,"column":null}}]},"4":{"loc":{"start":{"line":25,"column":8},"end":{"line":25,"column":27}},"type":"if","locations":[{"start":{"line":25,"column":8},"end":{"line":25,"column":27}},{"start":{"line":25,"column":8},"end":{"line":25,"column":27}}]},"5":{"loc":{"start":{"line":28,"column":6},"end":{"line":33,"column":null}},"type":"if","locations":[{"start":{"line":28,"column":6},"end":{"line":33,"column":null}},{"start":{"line":28,"column":6},"end":{"line":33,"column":null}}]},"6":{"loc":{"start":{"line":29,"column":10},"end":{"line":29,"column":61}},"type":"if","locations":[{"start":{"line":29,"column":10},"end":{"line":29,"column":61}},{"start":{"line":29,"column":10},"end":{"line":29,"column":61}}]},"7":{"loc":{"start":{"line":36,"column":45},"end":{"line":36,"column":47}},"type":"cond-expr","locations":[{"start":{"line":36,"column":45},"end":{"line":36,"column":47}},{"start":{"line":36,"column":50},"end":{"line":36,"column":53}}]}},"s":{"0":1,"1":2,"2":2,"3":2,"4":2,"5":2,"6":1,"7":1,"8":1,"9":0,"10":1,"11":1,"12":1,"13":2,"14":2,"15":0,"16":0,"17":2,"18":2,"19":1,"20":0,"21":0,"22":0,"23":1,"24":1,"25":1},"f":{"0":2},"b":{"0":[1,1],"1":[0,1],"2":[3,3],"3":[0,2],"4":[2,0],"5":[0,1],"6":[0,0],"7":[1,0]}}
}
