{"C:\\Users\\黎曦\\Desktop\\最近学习\\practise\\LeetCode\\src\\leetcode.ts": {"path":"C:\\Users\\黎曦\\Desktop\\最近学习\\practise\\LeetCode\\src\\leetcode.ts","statementMap":{"0":{"start":{"line":6,"column":23},"end":{"line":37,"column":1}},"1":{"start":{"line":7,"column":21},"end":{"line":7,"column":44}},"2":{"start":{"line":8,"column":21},"end":{"line":8,"column":22}},"3":{"start":{"line":9,"column":21},"end":{"line":9,"column":22}},"4":{"start":{"line":10,"column":22},"end":{"line":10,"column":23}},"5":{"start":{"line":12,"column":4},"end":{"line":12,"column":28}},"6":{"start":{"line":12,"column":19},"end":{"line":12,"column":28}},"7":{"start":{"line":14,"column":4},"end":{"line":34,"column":null}},"8":{"start":{"line":15,"column":6},"end":{"line":15,"column":32}},"9":{"start":{"line":15,"column":23},"end":{"line":15,"column":32}},"10":{"start":{"line":16,"column":6},"end":{"line":16,"column":17}},"11":{"start":{"line":17,"column":6},"end":{"line":17,"column":14}},"12":{"start":{"line":19,"column":6},"end":{"line":26,"column":null}},"13":{"start":{"line":20,"column":8},"end":{"line":20,"column":23}},"14":{"start":{"line":21,"column":8},"end":{"line":24,"column":null}},"15":{"start":{"line":22,"column":10},"end":{"line":22,"column":21}},"16":{"start":{"line":23,"column":10},"end":{"line":23,"column":18}},"17":{"start":{"line":25,"column":8},"end":{"line":25,"column":27}},"18":{"start":{"line":25,"column":20},"end":{"line":25,"column":27}},"19":{"start":{"line":28,"column":6},"end":{"line":33,"column":null}},"20":{"start":{"line":29,"column":10},"end":{"line":29,"column":61}},"21":{"start":{"line":29,"column":25},"end":{"line":29,"column":61}},"22":{"start":{"line":30,"column":10},"end":{"line":30,"column":null}},"23":{"start":{"line":32,"column":10},"end":{"line":32,"column":16}},"24":{"start":{"line":36,"column":4},"end":{"line":36,"column":54}},"25":{"start":{"line":123,"column":4},"end":{"line":123,"column":20}},"26":{"start":{"line":69,"column":0},"end":{"line":69,"column":null}},"27":{"start":{"line":74,"column":9},"end":{"line":74,"column":null}},"28":{"start":{"line":75,"column":9},"end":{"line":75,"column":null}},"29":{"start":{"line":76,"column":9},"end":{"line":76,"column":null}},"30":{"start":{"line":78,"column":0},"end":{"line":78,"column":null}},"31":{"start":{"line":81,"column":2},"end":{"line":81,"column":22}},"32":{"start":{"line":81,"column":12},"end":{"line":81,"column":22}},"33":{"start":{"line":83,"column":24},"end":{"line":83,"column":26}},"34":{"start":{"line":84,"column":14},"end":{"line":84,"column":22}},"35":{"start":{"line":86,"column":2},"end":{"line":91,"column":null}},"36":{"start":{"line":87,"column":17},"end":{"line":87,"column":48}},"37":{"start":{"line":88,"column":6},"end":{"line":88,"column":null}},"38":{"start":{"line":88,"column":22},"end":{"line":88,"column":null}},"39":{"start":{"line":89,"column":6},"end":{"line":89,"column":null}},"40":{"start":{"line":89,"column":23},"end":{"line":89,"column":null}},"41":{"start":{"line":90,"column":6},"end":{"line":90,"column":null}},"42":{"start":{"line":93,"column":2},"end":{"line":93,"column":16}},"43":{"start":{"line":124,"column":4},"end":{"line":124,"column":22}},"44":{"start":{"line":97,"column":2},"end":{"line":97,"column":37}},"45":{"start":{"line":97,"column":12},"end":{"line":97,"column":37}},"46":{"start":{"line":98,"column":2},"end":{"line":102,"column":null}},"47":{"start":{"line":99,"column":5},"end":{"line":99,"column":46}},"48":{"start":{"line":101,"column":6},"end":{"line":101,"column":49}},"49":{"start":{"line":103,"column":2},"end":{"line":103,"column":14}},"50":{"start":{"line":125,"column":4},"end":{"line":125,"column":17}},"51":{"start":{"line":107,"column":19},"end":{"line":107,"column":32}},"52":{"start":{"line":109,"column":20},"end":{"line":109,"column":67}},"53":{"start":{"line":111,"column":2},"end":{"line":118,"column":null}},"54":{"start":{"line":111,"column":15},"end":{"line":111,"column":16}},"55":{"start":{"line":112,"column":16},"end":{"line":112,"column":33}},"56":{"start":{"line":113,"column":4},"end":{"line":117,"column":6}},"57":{"start":{"line":120,"column":2},"end":{"line":120,"column":15}},"58":{"start":{"line":126,"column":4},"end":{"line":126,"column":21}}},"fnMap":{"0":{"name":"(anonymous_0)","decl":{"start":{"line":6,"column":23},"end":{"line":6,"column":32}},"loc":{"start":{"line":6,"column":53},"end":{"line":37,"column":1}}},"1":{"name":"(anonymous_1)","decl":{"start":{"line":69,"column":0},"end":{"line":69,"column":null}},"loc":{"start":{"line":69,"column":0},"end":{"line":78,"column":null}}},"2":{"name":"TreeNode","decl":{"start":{"line":73,"column":5},"end":{"line":73,"column":17}},"loc":{"start":{"line":73,"column":78},"end":{"line":77,"column":6}}},"3":{"name":"postorderTraversal","decl":{"start":{"line":80,"column":9},"end":{"line":80,"column":27}},"loc":{"start":{"line":80,"column":49},"end":{"line":94,"column":1}}},"4":{"name":"insertIntoBST","decl":{"start":{"line":96,"column":9},"end":{"line":96,"column":22}},"loc":{"start":{"line":96,"column":48},"end":{"line":104,"column":1}}},"5":{"name":"minimumOperations","decl":{"start":{"line":106,"column":9},"end":{"line":106,"column":26}},"loc":{"start":{"line":106,"column":41},"end":{"line":121,"column":1}}}},"branchMap":{"0":{"loc":{"start":{"line":12,"column":4},"end":{"line":12,"column":28}},"type":"if","locations":[{"start":{"line":12,"column":4},"end":{"line":12,"column":28}},{"start":{"line":12,"column":4},"end":{"line":12,"column":28}}]},"1":{"loc":{"start":{"line":15,"column":6},"end":{"line":15,"column":32}},"type":"if","locations":[{"start":{"line":15,"column":6},"end":{"line":15,"column":32}},{"start":{"line":15,"column":6},"end":{"line":15,"column":32}}]},"2":{"loc":{"start":{"line":19,"column":12},"end":{"line":19,"column":19}},"type":"binary-expr","locations":[{"start":{"line":19,"column":12},"end":{"line":19,"column":19}},{"start":{"line":19,"column":23},"end":{"line":19,"column":38}}]},"3":{"loc":{"start":{"line":21,"column":8},"end":{"line":24,"column":null}},"type":"if","locations":[{"start":{"line":21,"column":8},"end":{"line":24,"column":null}},{"start":{"line":21,"column":8},"end":{"line":24,"column":null}}]},"4":{"loc":{"start":{"line":25,"column":8},"end":{"line":25,"column":27}},"type":"if","locations":[{"start":{"line":25,"column":8},"end":{"line":25,"column":27}},{"start":{"line":25,"column":8},"end":{"line":25,"column":27}}]},"5":{"loc":{"start":{"line":28,"column":6},"end":{"line":33,"column":null}},"type":"if","locations":[{"start":{"line":28,"column":6},"end":{"line":33,"column":null}},{"start":{"line":28,"column":6},"end":{"line":33,"column":null}}]},"6":{"loc":{"start":{"line":29,"column":10},"end":{"line":29,"column":61}},"type":"if","locations":[{"start":{"line":29,"column":10},"end":{"line":29,"column":61}},{"start":{"line":29,"column":10},"end":{"line":29,"column":61}}]},"7":{"loc":{"start":{"line":36,"column":45},"end":{"line":36,"column":47}},"type":"cond-expr","locations":[{"start":{"line":36,"column":45},"end":{"line":36,"column":47}},{"start":{"line":36,"column":50},"end":{"line":36,"column":53}}]},"8":{"loc":{"start":{"line":74,"column":39},"end":{"line":74,"column":40}},"type":"cond-expr","locations":[{"start":{"line":74,"column":39},"end":{"line":74,"column":40}},{"start":{"line":74,"column":43},"end":{"line":74,"column":46}}]},"9":{"loc":{"start":{"line":75,"column":41},"end":{"line":75,"column":45}},"type":"cond-expr","locations":[{"start":{"line":75,"column":41},"end":{"line":75,"column":45}},{"start":{"line":75,"column":48},"end":{"line":75,"column":52}}]},"10":{"loc":{"start":{"line":76,"column":43},"end":{"line":76,"column":47}},"type":"cond-expr","locations":[{"start":{"line":76,"column":43},"end":{"line":76,"column":47}},{"start":{"line":76,"column":50},"end":{"line":76,"column":55}}]},"11":{"loc":{"start":{"line":81,"column":2},"end":{"line":81,"column":22}},"type":"if","locations":[{"start":{"line":81,"column":2},"end":{"line":81,"column":22}},{"start":{"line":81,"column":2},"end":{"line":81,"column":22}}]},"12":{"loc":{"start":{"line":87,"column":17},"end":{"line":87,"column":30}},"type":"binary-expr","locations":[{"start":{"line":87,"column":17},"end":{"line":87,"column":30}},{"start":{"line":87,"column":34},"end":{"line":87,"column":48}}]},"13":{"loc":{"start":{"line":88,"column":6},"end":{"line":88,"column":null}},"type":"if","locations":[{"start":{"line":88,"column":6},"end":{"line":88,"column":null}},{"start":{"line":88,"column":6},"end":{"line":88,"column":null}}]},"14":{"loc":{"start":{"line":89,"column":6},"end":{"line":89,"column":null}},"type":"if","locations":[{"start":{"line":89,"column":6},"end":{"line":89,"column":null}},{"start":{"line":89,"column":6},"end":{"line":89,"column":null}}]},"15":{"loc":{"start":{"line":97,"column":2},"end":{"line":97,"column":37}},"type":"if","locations":[{"start":{"line":97,"column":2},"end":{"line":97,"column":37}},{"start":{"line":97,"column":2},"end":{"line":97,"column":37}}]},"16":{"loc":{"start":{"line":98,"column":2},"end":{"line":102,"column":null}},"type":"if","locations":[{"start":{"line":98,"column":2},"end":{"line":102,"column":null}},{"start":{"line":98,"column":2},"end":{"line":102,"column":null}}]},"17":{"loc":{"start":{"line":109,"column":41},"end":{"line":109,"column":42}},"type":"cond-expr","locations":[{"start":{"line":109,"column":41},"end":{"line":109,"column":42}},{"start":{"line":109,"column":45},"end":{"line":109,"column":46}}]},"18":{"loc":{"start":{"line":114,"column":23},"end":{"line":114,"column":24}},"type":"cond-expr","locations":[{"start":{"line":114,"column":23},"end":{"line":114,"column":24}},{"start":{"line":114,"column":27},"end":{"line":114,"column":28}}]},"19":{"loc":{"start":{"line":115,"column":40},"end":{"line":115,"column":41}},"type":"cond-expr","locations":[{"start":{"line":115,"column":40},"end":{"line":115,"column":41}},{"start":{"line":115,"column":44},"end":{"line":115,"column":45}}]},"20":{"loc":{"start":{"line":116,"column":40},"end":{"line":116,"column":41}},"type":"cond-expr","locations":[{"start":{"line":116,"column":40},"end":{"line":116,"column":41}},{"start":{"line":116,"column":44},"end":{"line":116,"column":45}}]}},"s":{"0":1,"1":2,"2":2,"3":2,"4":2,"5":2,"6":1,"7":1,"8":1,"9":0,"10":1,"11":1,"12":1,"13":2,"14":2,"15":0,"16":0,"17":2,"18":2,"19":1,"20":0,"21":0,"22":0,"23":1,"24":1,"25":1,"26":1,"27":1,"28":1,"29":1,"30":1,"31":2,"32":1,"33":1,"34":1,"35":1,"36":1,"37":1,"38":0,"39":1,"40":0,"41":1,"42":1,"43":1,"44":1,"45":1,"46":0,"47":0,"48":0,"49":0,"50":1,"51":1,"52":1,"53":1,"54":1,"55":12,"56":12,"57":1,"58":1},"f":{"0":2,"1":1,"2":1,"3":2,"4":1,"5":1},"b":{"0":[1,1],"1":[0,1],"2":[3,3],"3":[0,2],"4":[2,0],"5":[0,1],"6":[0,0],"7":[1,0],"8":[0,1],"9":[1,0],"10":[1,0],"11":[1,1],"12":[1,0],"13":[0,1],"14":[0,1],"15":[1,0],"16":[0,0],"17":[1,0],"18":[6,6],"19":[6,6],"20":[6,6]}}
}
