TN:
SF:C:\Users\黎曦\Desktop\最近学习\practise\LeetCode\src\leetcode.ts
FN:6,(anonymous_0)
FNF:1
FNH:1
FNDA:2,(anonymous_0)
DA:6,1
DA:7,2
DA:8,2
DA:9,2
DA:10,2
DA:12,2
DA:14,1
DA:15,1
DA:16,1
DA:17,1
DA:19,1
DA:20,2
DA:21,2
DA:22,0
DA:23,0
DA:25,2
DA:28,1
DA:29,0
DA:30,0
DA:32,1
DA:36,1
DA:40,1
LF:22
LH:18
BRDA:12,0,0,1
BRDA:12,0,1,1
BRDA:15,1,0,0
BRDA:15,1,1,1
BRDA:19,2,0,3
BRDA:19,2,1,3
BRDA:21,3,0,0
BRDA:21,3,1,2
BRDA:25,4,0,2
BRDA:25,4,1,0
BRDA:28,5,0,0
BRDA:28,5,1,1
BRDA:29,6,0,0
BRDA:29,6,1,0
BRDA:36,7,0,1
BRDA:36,7,1,0
BRF:16
BRH:9
end_of_record
