TN:
SF:C:\Users\黎曦\Desktop\最近学习\practise\LeetCode\src\leetcode.ts
FN:6,(anonymous_0)
FN:69,(anonymous_1)
FN:73,TreeNode
FN:80,postorderTraversal
FNF:4
FNH:3
FNDA:2,(anonymous_0)
FNDA:1,(anonymous_1)
FNDA:0,TreeNode
FNDA:2,postorderTraversal
DA:6,1
DA:7,2
DA:8,2
DA:9,2
DA:10,2
DA:12,2
DA:14,1
DA:15,1
DA:16,1
DA:17,1
DA:19,1
DA:20,2
DA:21,2
DA:22,0
DA:23,0
DA:25,2
DA:28,1
DA:29,0
DA:30,0
DA:32,1
DA:36,1
DA:69,1
DA:74,0
DA:75,0
DA:76,0
DA:78,1
DA:81,2
DA:83,1
DA:84,1
DA:86,1
DA:87,1
DA:88,1
DA:89,1
DA:90,1
DA:93,1
DA:96,1
DA:97,1
LF:37
LH:30
BRDA:12,0,0,1
BRDA:12,0,1,1
BRDA:15,1,0,0
BRDA:15,1,1,1
BRDA:19,2,0,3
BRDA:19,2,1,3
BRDA:21,3,0,0
BRDA:21,3,1,2
BRDA:25,4,0,2
BRDA:25,4,1,0
BRDA:28,5,0,0
BRDA:28,5,1,1
BRDA:29,6,0,0
BRDA:29,6,1,0
BRDA:36,7,0,1
BRDA:36,7,1,0
BRDA:74,8,0,0
BRDA:74,8,1,0
BRDA:75,9,0,0
BRDA:75,9,1,0
BRDA:76,10,0,0
BRDA:76,10,1,0
BRDA:81,11,0,1
BRDA:81,11,1,1
BRDA:87,12,0,1
BRDA:87,12,1,0
BRDA:88,13,0,0
BRDA:88,13,1,1
BRDA:89,14,0,0
BRDA:89,14,1,1
BRF:30
BRH:14
end_of_record
